<?xml version="1.0" encoding="utf-8"?>
<testsuites>
	<testcase name="die Vertragsfaelle V1…V13 lesen sich wie beschrieben" time="0.0015" classname="test" file="/runner/work/voltpilot-ems/edge-app/nodered/measurements/fixture.test.js"/>
	<testsuite name="die Simulator-Faelle S1…S3 ueber den echten Modbus-Weg" time="0.0008" disabled="0" errors="0" tests="3" failures="0" skipped="0" hostname="fixture">
		<testcase name="S1 Kopf gelesen" time="0.0003" classname="test" file="/runner/work/voltpilot-ems/edge-app/nodered/measurements/fixture.test.js"/>
		<testcase name="S2 Karte gelesen" time="0.0002" classname="test" file="/runner/work/voltpilot-ems/edge-app/nodered/measurements/fixture.test.js"/>
		<testcase name="S3 Karte ausgefallen" time="0.0002" classname="test" file="/runner/work/voltpilot-ems/edge-app/nodered/measurements/fixture.test.js"/>
	</testsuite>
	<!-- tests 4 -->
	<!-- suites 0 -->
	<!-- pass 4 -->
	<!-- fail 0 -->
	<!-- cancelled 0 -->
	<!-- skipped 0 -->
	<!-- todo 0 -->
	<!-- duration_ms 12.5 -->
</testsuites>
