<?xml version="1.0" encoding="UTF-8"?>
<testsuite xmlns:xsi="http://www.w3.org/2001/XMLSchema-instance" version="3.0" name="com.voltpilot.api.uems.UemsFixtureAbnahmeTest" time="12.3" tests="3" errors="0" skipped="0" failures="0">
  <testcase name="erstensGruen" classname="com.voltpilot.api.uems.UemsFixtureAbnahmeTest" time="4.1"/>
  <testcase name="zweitensGruen(String)[1]" classname="com.voltpilot.api.uems.UemsFixtureAbnahmeTest" time="4.0"/>
  <testcase name="zweitensGruen(String)[2]" classname="com.voltpilot.api.uems.UemsFixtureAbnahmeTest" time="4.2"/>
</testsuite>
