<?xml version="1.0" encoding="UTF-8"?>
<!-- FIXTURE AP-20 IP-23: kein echter Lauf. Methoden wie im Repo, Zahlen erfunden. -->
<testsuite xmlns:xsi="http://www.w3.org/2001/XMLSchema-instance" version="3.0" name="com.voltpilot.api.uems.UemsProduktionsrueckgangAbnahmeTest" time="6.0" tests="4" errors="0" skipped="0" failures="0">
  <testcase name="r2PlanAbnahmeRohOhneUrteilBereinigtSchlechter" classname="com.voltpilot.api.uems.UemsProduktionsrueckgangAbnahmeTest" time="1.5"/>
  <testcase name="r7KorrekturLaesstDieFassungByteGleichUndStoesstEinmalAn" classname="com.voltpilot.api.uems.UemsProduktionsrueckgangAbnahmeTest" time="1.5"/>
  <testcase name="r4AusserhalbDerSpannweiteNichtAnwendbar" classname="com.voltpilot.api.uems.UemsProduktionsrueckgangAbnahmeTest" time="1.5"/>
  <testcase name="r10OhneBasisKeinUrteilUndKeinLaeuferSchreibt" classname="com.voltpilot.api.uems.UemsProduktionsrueckgangAbnahmeTest" time="1.5"/>
</testsuite>
